build/app/intermediates/manifest_merge_blame_file/debug/manifest-merger-blame-debug-report.txt
1<?xml version="1.0" encoding="utf-8"?>
2<manifest xmlns:android="http://schemas.android.com/apk/res/android"
3    package="com.example.chill"
4    android:versionCode="1"
5    android:versionName="1.0.0" >
6
7    <uses-sdk
8        android:minSdkVersion="23"
9        android:targetSdkVersion="29" />
10    <!--
11         Flutter needs it to communicate with the running application
12         to allow setting breakpoints, to provide hot reload, etc.
13    -->
14    <uses-permission android:name="android.permission.INTERNET" />
14-->src\debug\AndroidManifest.xml:6:5-66
14-->src\debug\AndroidManifest.xml:6:22-64
15    <uses-permission android:name="android.permission.READ_EXTERNAL_STORAGE" />
15-->[:file_picker] AndroidManifest.xml:7:5-80
15-->[:file_picker] AndroidManifest.xml:7:22-77
16    <uses-permission android:name="android.permission.ACCESS_FINE_LOCATION" /> <!-- Although the *SdkVersion is captured in gradle build files, this is required for non gradle builds -->
16-->[:geolocator] AndroidManifest.xml:7:5-79
16-->[:geolocator] AndroidManifest.xml:7:22-76
17    <!-- <uses-sdk android:minSdkVersion="14"/> -->
18    <uses-permission android:name="android.permission.ACCESS_NETWORK_STATE" />
18-->[com.google.firebase:firebase-storage:19.2.1] AndroidManifest.xml:26:5-79
18-->[com.google.firebase:firebase-storage:19.2.1] AndroidManifest.xml:26:22-76
19    <!--
20 io.flutter.app.FlutterApplication is an android.app.Application that
21         calls FlutterMain.startInitialization(this); in its onCreate method.
22         In most cases you can leave this as-is, but you if you want to provide
23         additional functionality it is fine to subclass or reimplement
24         FlutterApplication and put your custom class here.
25    -->
26    <application
26-->src\main\AndroidManifest.xml:8:5-46:19
27        android:name="io.flutter.app.FlutterApplication"
27-->src\main\AndroidManifest.xml:9:9-57
28        android:appComponentFactory="androidx.core.app.CoreComponentFactory"
28-->[androidx.core:core:1.2.0] AndroidManifest.xml:24:18-86
29        android:debuggable="true"
30        android:icon="@mipmap/ic_launcher"
30-->src\main\AndroidManifest.xml:11:9-43
31        android:label="chill" >
31-->src\main\AndroidManifest.xml:10:9-30
32        <activity
32-->src\main\AndroidManifest.xml:12:9-40:20
33            android:name="com.example.chill.MainActivity"
33-->src\main\AndroidManifest.xml:13:13-41
34            android:configChanges="orientation|keyboardHidden|keyboard|screenSize|smallestScreenSize|locale|layoutDirection|fontScale|screenLayout|density|uiMode"
34-->src\main\AndroidManifest.xml:16:13-163
35            android:hardwareAccelerated="true"
35-->src\main\AndroidManifest.xml:17:13-47
36            android:launchMode="singleTop"
36-->src\main\AndroidManifest.xml:14:13-43
37            android:theme="@style/LaunchTheme"
37-->src\main\AndroidManifest.xml:15:13-47
38            android:windowSoftInputMode="adjustResize" >
38-->src\main\AndroidManifest.xml:18:13-55
39
40            <!--
41                 Specifies an Android theme to apply to this Activity as soon as
42                 the Android process has started. This theme is visible to the user
43                 while the Flutter UI initializes. After that, this theme continues
44                 to determine the Window background behind the Flutter UI.
45            -->
46            <meta-data
46-->src\main\AndroidManifest.xml:23:13-26:17
47                android:name="io.flutter.embedding.android.NormalTheme"
47-->src\main\AndroidManifest.xml:24:15-70
48                android:resource="@style/NormalTheme" />
48-->src\main\AndroidManifest.xml:25:15-52
49            <!--
50                 Displays an Android View that continues showing the launch screen
51                 Drawable until Flutter paints its first frame, then this splash
52                 screen fades out. A splash screen is useful to avoid any visual
53                 gap between the end of Android's launch screen and the painting of
54                 Flutter's first frame.
55            -->
56            <meta-data
56-->src\main\AndroidManifest.xml:32:13-35:17
57                android:name="io.flutter.embedding.android.SplashScreenDrawable"
57-->src\main\AndroidManifest.xml:33:15-79
58                android:resource="@drawable/launch_background" />
58-->src\main\AndroidManifest.xml:34:15-61
59
60            <intent-filter>
60-->src\main\AndroidManifest.xml:36:13-39:29
61                <action android:name="android.intent.action.MAIN" />
61-->src\main\AndroidManifest.xml:37:17-68
61-->src\main\AndroidManifest.xml:37:25-66
62
63                <category android:name="android.intent.category.LAUNCHER" />
63-->src\main\AndroidManifest.xml:38:17-76
63-->src\main\AndroidManifest.xml:38:27-74
64            </intent-filter>
65        </activity>
66        <!--
67             Don't delete the meta-data below.
68             This is used by the Flutter tool to generate GeneratedPluginRegistrant.java
69        -->
70        <meta-data
70-->src\main\AndroidManifest.xml:43:9-45:33
71            android:name="flutterEmbedding"
71-->src\main\AndroidManifest.xml:44:13-44
72            android:value="2" />
72-->src\main\AndroidManifest.xml:45:13-30
73
74        <service
74-->[:firebase_storage] AndroidManifest.xml:8:9-12:19
75            android:name="com.google.firebase.components.ComponentDiscoveryService"
75-->[:firebase_storage] AndroidManifest.xml:8:18-89
76            android:directBootAware="true"
76-->[com.google.firebase:firebase-common:19.5.0] AndroidManifest.xml:35:13-43
77            android:exported="false" >
77-->[com.google.firebase:firebase-storage:19.2.1] AndroidManifest.xml:32:13-37
78            <meta-data
78-->[:firebase_storage] AndroidManifest.xml:9:13-11:85
79                android:name="com.google.firebase.components:io.flutter.plugins.firebase.storage.FlutterFirebaseAppRegistrar"
79-->[:firebase_storage] AndroidManifest.xml:10:17-126
80                android:value="com.google.firebase.components.ComponentRegistrar" />
80-->[:firebase_storage] AndroidManifest.xml:11:17-82
81            <meta-data
81-->[:firebase_auth] AndroidManifest.xml:9:13-11:85
82                android:name="com.google.firebase.components:io.flutter.plugins.firebaseauth.FlutterFirebaseAppRegistrar"
82-->[:firebase_auth] AndroidManifest.xml:10:17-122
83                android:value="com.google.firebase.components.ComponentRegistrar" />
83-->[:firebase_auth] AndroidManifest.xml:11:17-82
84            <meta-data
84-->[:cloud_firestore] AndroidManifest.xml:9:13-11:85
85                android:name="com.google.firebase.components:io.flutter.plugins.firebase.cloudfirestore.FlutterFirebaseAppRegistrar"
85-->[:cloud_firestore] AndroidManifest.xml:10:17-133
86                android:value="com.google.firebase.components.ComponentRegistrar" />
86-->[:cloud_firestore] AndroidManifest.xml:11:17-82
87            <meta-data
87-->[:firebase_core] AndroidManifest.xml:9:13-11:85
88                android:name="com.google.firebase.components:io.flutter.plugins.firebase.core.FlutterFirebaseAppRegistrar"
88-->[:firebase_core] AndroidManifest.xml:10:17-123
89                android:value="com.google.firebase.components.ComponentRegistrar" />
89-->[:firebase_core] AndroidManifest.xml:11:17-82
90            <meta-data
90-->[com.google.firebase:firebase-storage:19.2.1] AndroidManifest.xml:33:13-35:85
91                android:name="com.google.firebase.components:com.google.firebase.storage.StorageRegistrar"
91-->[com.google.firebase:firebase-storage:19.2.1] AndroidManifest.xml:34:17-107
92                android:value="com.google.firebase.components.ComponentRegistrar" />
92-->[com.google.firebase:firebase-storage:19.2.1] AndroidManifest.xml:35:17-82
93            <meta-data
93-->[com.google.firebase:firebase-firestore:22.0.1] AndroidManifest.xml:20:13-22:85
94                android:name="com.google.firebase.components:com.google.firebase.firestore.FirestoreRegistrar"
94-->[com.google.firebase:firebase-firestore:22.0.1] AndroidManifest.xml:21:17-111
95                android:value="com.google.firebase.components.ComponentRegistrar" />
95-->[com.google.firebase:firebase-firestore:22.0.1] AndroidManifest.xml:22:17-82
96            <meta-data
96-->[com.google.firebase:firebase-auth:20.0.2] AndroidManifest.xml:77:13-79:85
97                android:name="com.google.firebase.components:com.google.firebase.auth.FirebaseAuthRegistrar"
97-->[com.google.firebase:firebase-auth:20.0.2] AndroidManifest.xml:78:17-109
98                android:value="com.google.firebase.components.ComponentRegistrar" />
98-->[com.google.firebase:firebase-auth:20.0.2] AndroidManifest.xml:79:17-82
99            <!--
100                This registrar is not defined in the dynamic-module-support sdk itself to allow non-firebase
101                clients to use it as well, by defining this registrar in their own core/common library.
102            -->
103            <meta-data
103-->[com.google.firebase:firebase-common:19.5.0] AndroidManifest.xml:43:13-45:85
104                android:name="com.google.firebase.components:com.google.firebase.dynamicloading.DynamicLoadingRegistrar"
104-->[com.google.firebase:firebase-common:19.5.0] AndroidManifest.xml:44:17-121
105                android:value="com.google.firebase.components.ComponentRegistrar" />
105-->[com.google.firebase:firebase-common:19.5.0] AndroidManifest.xml:45:17-82
106        </service>
107
108        <activity
108-->[com.google.firebase:firebase-auth:20.0.2] AndroidManifest.xml:27:9-44:20
109            android:name="com.google.firebase.auth.internal.GenericIdpActivity"
109-->[com.google.firebase:firebase-auth:20.0.2] AndroidManifest.xml:28:13-80
110            android:excludeFromRecents="true"
110-->[com.google.firebase:firebase-auth:20.0.2] AndroidManifest.xml:29:13-46
111            android:exported="true"
111-->[com.google.firebase:firebase-auth:20.0.2] AndroidManifest.xml:30:13-36
112            android:launchMode="singleTask"
112-->[com.google.firebase:firebase-auth:20.0.2] AndroidManifest.xml:31:13-44
113            android:theme="@android:style/Theme.Translucent.NoTitleBar" >
113-->[com.google.firebase:firebase-auth:20.0.2] AndroidManifest.xml:32:13-72
114            <intent-filter>
114-->[com.google.firebase:firebase-auth:20.0.2] AndroidManifest.xml:33:13-43:29
115                <action android:name="android.intent.action.VIEW" />
115-->[com.google.firebase:firebase-auth:20.0.2] AndroidManifest.xml:34:17-69
115-->[com.google.firebase:firebase-auth:20.0.2] AndroidManifest.xml:34:25-66
116
117                <category android:name="android.intent.category.DEFAULT" />
117-->[com.google.firebase:firebase-auth:20.0.2] AndroidManifest.xml:36:17-76
117-->[com.google.firebase:firebase-auth:20.0.2] AndroidManifest.xml:36:27-73
118                <category android:name="android.intent.category.BROWSABLE" />
118-->[com.google.firebase:firebase-auth:20.0.2] AndroidManifest.xml:37:17-78
118-->[com.google.firebase:firebase-auth:20.0.2] AndroidManifest.xml:37:27-75
119
120                <data
120-->[com.google.firebase:firebase-auth:20.0.2] AndroidManifest.xml:39:17-42:51
121                    android:host="firebase.auth"
121-->[com.google.firebase:firebase-auth:20.0.2] AndroidManifest.xml:40:21-49
122                    android:path="/"
122-->[com.google.firebase:firebase-auth:20.0.2] AndroidManifest.xml:41:21-37
123                    android:scheme="genericidp" />
123-->[com.google.firebase:firebase-auth:20.0.2] AndroidManifest.xml:42:21-48
124            </intent-filter>
125        </activity>
126        <activity
126-->[com.google.firebase:firebase-auth:20.0.2] AndroidManifest.xml:45:9-62:20
127            android:name="com.google.firebase.auth.internal.RecaptchaActivity"
127-->[com.google.firebase:firebase-auth:20.0.2] AndroidManifest.xml:46:13-79
128            android:excludeFromRecents="true"
128-->[com.google.firebase:firebase-auth:20.0.2] AndroidManifest.xml:47:13-46
129            android:exported="true"
129-->[com.google.firebase:firebase-auth:20.0.2] AndroidManifest.xml:48:13-36
130            android:launchMode="singleTask"
130-->[com.google.firebase:firebase-auth:20.0.2] AndroidManifest.xml:49:13-44
131            android:theme="@android:style/Theme.Translucent.NoTitleBar" >
131-->[com.google.firebase:firebase-auth:20.0.2] AndroidManifest.xml:50:13-72
132            <intent-filter>
132-->[com.google.firebase:firebase-auth:20.0.2] AndroidManifest.xml:51:13-61:29
133                <action android:name="android.intent.action.VIEW" />
133-->[com.google.firebase:firebase-auth:20.0.2] AndroidManifest.xml:34:17-69
133-->[com.google.firebase:firebase-auth:20.0.2] AndroidManifest.xml:34:25-66
134
135                <category android:name="android.intent.category.DEFAULT" />
135-->[com.google.firebase:firebase-auth:20.0.2] AndroidManifest.xml:36:17-76
135-->[com.google.firebase:firebase-auth:20.0.2] AndroidManifest.xml:36:27-73
136                <category android:name="android.intent.category.BROWSABLE" />
136-->[com.google.firebase:firebase-auth:20.0.2] AndroidManifest.xml:37:17-78
136-->[com.google.firebase:firebase-auth:20.0.2] AndroidManifest.xml:37:27-75
137
138                <data
138-->[com.google.firebase:firebase-auth:20.0.2] AndroidManifest.xml:39:17-42:51
139                    android:host="firebase.auth"
139-->[com.google.firebase:firebase-auth:20.0.2] AndroidManifest.xml:40:21-49
140                    android:path="/"
140-->[com.google.firebase:firebase-auth:20.0.2] AndroidManifest.xml:41:21-37
141                    android:scheme="recaptcha" />
141-->[com.google.firebase:firebase-auth:20.0.2] AndroidManifest.xml:42:21-48
142            </intent-filter>
143        </activity>
144
145        <service
145-->[com.google.firebase:firebase-auth:20.0.2] AndroidManifest.xml:64:9-73:19
146            android:name="com.google.firebase.auth.api.fallback.service.FirebaseAuthFallbackService"
146-->[com.google.firebase:firebase-auth:20.0.2] AndroidManifest.xml:65:13-101
147            android:enabled="true"
147-->[com.google.firebase:firebase-auth:20.0.2] AndroidManifest.xml:66:13-35
148            android:exported="false" >
148-->[com.google.firebase:firebase-auth:20.0.2] AndroidManifest.xml:67:13-37
149            <intent-filter>
149-->[com.google.firebase:firebase-auth:20.0.2] AndroidManifest.xml:68:13-72:29
150                <action android:name="com.google.firebase.auth.api.gms.service.START" />
150-->[com.google.firebase:firebase-auth:20.0.2] AndroidManifest.xml:69:17-89
150-->[com.google.firebase:firebase-auth:20.0.2] AndroidManifest.xml:69:25-86
151
152                <category android:name="android.intent.category.DEFAULT" />
152-->[com.google.firebase:firebase-auth:20.0.2] AndroidManifest.xml:36:17-76
152-->[com.google.firebase:firebase-auth:20.0.2] AndroidManifest.xml:36:27-73
153            </intent-filter>
154        </service>
155
156        <activity
156-->[com.google.android.gms:play-services-base:17.2.1] AndroidManifest.xml:23:9-26:75
157            android:name="com.google.android.gms.common.api.GoogleApiActivity"
157-->[com.google.android.gms:play-services-base:17.2.1] AndroidManifest.xml:24:13-79
158            android:exported="false"
158-->[com.google.android.gms:play-services-base:17.2.1] AndroidManifest.xml:25:13-37
159            android:theme="@android:style/Theme.Translucent.NoTitleBar" />
159-->[com.google.android.gms:play-services-base:17.2.1] AndroidManifest.xml:26:13-72
160
161        <provider
161-->[com.google.firebase:firebase-common:19.5.0] AndroidManifest.xml:26:9-31:39
162            android:name="com.google.firebase.provider.FirebaseInitProvider"
162-->[com.google.firebase:firebase-common:19.5.0] AndroidManifest.xml:27:13-77
163            android:authorities="com.example.chill.firebaseinitprovider"
163-->[com.google.firebase:firebase-common:19.5.0] AndroidManifest.xml:28:13-72
164            android:directBootAware="true"
164-->[com.google.firebase:firebase-common:19.5.0] AndroidManifest.xml:29:13-43
165            android:exported="false"
165-->[com.google.firebase:firebase-common:19.5.0] AndroidManifest.xml:30:13-37
166            android:initOrder="100" />
166-->[com.google.firebase:firebase-common:19.5.0] AndroidManifest.xml:31:13-36
167
168        <meta-data
168-->[com.google.android.gms:play-services-basement:17.2.1] AndroidManifest.xml:23:9-25:69
169            android:name="com.google.android.gms.version"
169-->[com.google.android.gms:play-services-basement:17.2.1] AndroidManifest.xml:24:13-58
170            android:value="@integer/google_play_services_version" />
170-->[com.google.android.gms:play-services-basement:17.2.1] AndroidManifest.xml:25:13-66
171    </application>
172
173</manifest>